# JRE version: Java(TM) SE Runtime Environment (8.0_251-b08) (build 1.8.0_251-b08)
# Java VM: Java HotSpot(TM) 64-Bit Server VM (25.251-b08 mixed mode windows-amd64 compressed oops)
Heap:
 PSYoungGen      total 297984K, used 192846K [0x00000000eb700000, 0x00000000ffb80000, 0x0000000100000000)
  eden space 297472K, 64% used [0x00000000eb700000,0x00000000f733b9a0,0x00000000fd980000)
  from space 512K, 18% used [0x00000000ff400000,0x00000000ff418000,0x00000000ff480000)
  to   space 4096K, 0% used [0x00000000ff780000,0x00000000ff780000,0x00000000ffb80000)
 ParOldGen       total 42496K, used 10035K [0x00000000c2400000, 0x00000000c4d80000, 0x00000000eb700000)
  object space 42496K, 23% used [0x00000000c2400000,0x00000000c2dccc60,0x00000000c4d80000)
 Metaspace       used 18947K, capacity 20029K, committed 20096K, reserved 1067008K
  class space    used 2710K, capacity 2941K, committed 2944K, reserved 1048576K
GC Heap History (10 events):
Event: 3.152 GC heap before
{Heap before GC invocations=15 (full 0):
 PSYoungGen      total 331776K, used 327776K [0x00000000eb700000, 0x00000000fff80000, 0x0000000100000000)
  eden space 327680K, 100% used [0x00000000eb700000,0x00000000ff700000,0x00000000ff700000)
  from space 4096K, 2% used [0x00000000ffb00000,0x00000000ffb18000,0x00000000fff00000)
  to   space 4096K, 0% used [0x00000000ff700000,0x00000000ff700000,0x00000000ffb00000)
 ParOldGen       total 42496K, used 6405K [0x00000000c2400000, 0x00000000c4d80000, 0x00000000eb700000)
  object space 42496K, 15% used [0x00000000c2400000,0x00000000c2a41508,0x00000000c4d80000)
 Metaspace       used 15410K, capacity 16097K, committed 16256K, reserved 1062912K
  class space    used 2142K, capacity 2341K, committed 2432K, reserved 1048576K
Event: 3.154 GC heap after
Heap after GC invocations=15 (full 0):
 PSYoungGen      total 331776K, used 2504K [0x00000000eb700000, 0x0000000100000000, 0x0000000100000000)
  eden space 327680K, 0% used [0x00000000eb700000,0x00000000eb700000,0x00000000ff700000)
  from space 4096K, 61% used [0x00000000ff700000,0x00000000ff972160,0x00000000ffb00000)
  to   space 4608K, 0% used [0x00000000ffb80000,0x00000000ffb80000,0x0000000100000000)
 ParOldGen       total 42496K, used 6413K [0x00000000c2400000, 0x00000000c4d80000, 0x00000000eb700000)
  object space 42496K, 15% used [0x00000000c2400000,0x00000000c2a43508,0x00000000c4d80000)
 Metaspace       used 15410K, capacity 16097K, committed 16256K, reserved 1062912K
  class space    used 2142K, capacity 2341K, committed 2432K, reserved 1048576K
}
Event: 3.341 GC heap before
{Heap before GC invocations=16 (full 0):
 PSYoungGen      total 331776K, used 330184K [0x00000000eb700000, 0x0000000100000000, 0x0000000100000000)
  eden space 327680K, 100% used [0x00000000eb700000,0x00000000ff700000,0x00000000ff700000)
  from space 4096K, 61% used [0x00000000ff700000,0x00000000ff972160,0x00000000ffb00000)
  to   space 4608K, 0% used [0x00000000ffb80000,0x00000000ffb80000,0x0000000100000000)
 ParOldGen       total 42496K, used 6413K [0x00000000c2400000, 0x00000000c4d80000, 0x00000000eb700000)
  object space 42496K, 15% used [0x00000000c2400000,0x00000000c2a43508,0x00000000c4d80000)
 Metaspace       used 15410K, capacity 16097K, committed 16256K, reserved 1062912K
  class space    used 2142K, capacity 2341K, committed 2432K, reserved 1048576K
Event: 3.342 GC heap after
Heap after GC invocations=16 (full 0):
 PSYoungGen      total 332288K, used 256K [0x00000000eb700000, 0x0000000100000000, 0x0000000100000000)
  eden space 327680K, 0% used [0x00000000eb700000,0x00000000eb700000,0x00000000ff700000)
  from space 4608K, 5% used [0x00000000ffb80000,0x00000000ffbc0000,0x0000000100000000)
  to   space 4608K, 0% used [0x00000000ff700000,0x00000000ff700000,0x00000000ffb80000)
 ParOldGen       total 42496K, used 8515K [0x00000000c2400000, 0x00000000c4d80000, 0x00000000eb700000)
  object space 42496K, 20% used [0x00000000c2400000,0x00000000c2c50cb0,0x00000000c4d80000)
 Metaspace       used 15410K, capacity 16097K, committed 16256K, reserved 1062912K
  class space    used 2142K, capacity 2341K, committed 2432K, reserved 1048576K
}
Event: 3.505 GC heap before
{Heap before GC invocations=17 (full 0):
 PSYoungGen      total 332288K, used 327936K [0x00000000eb700000, 0x0000000100000000, 0x0000000100000000)
  eden space 327680K, 100% used [0x00000000eb700000,0x00000000ff700000,0x00000000ff700000)
  from space 4608K, 5% used [0x00000000ffb80000,0x00000000ffbc0000,0x0000000100000000)
  to   space 4608K, 0% used [0x00000000ff700000,0x00000000ff700000,0x00000000ffb80000)
 ParOldGen       total 42496K, used 8515K [0x00000000c2400000, 0x00000000c4d80000, 0x00000000eb700000)
  object space 42496K, 20% used [0x00000000c2400000,0x00000000c2c50cb0,0x00000000c4d80000)
 Metaspace       used 15410K, capacity 16097K, committed 16256K, reserved 1062912K
  class space    used 2142K, capacity 2341K, committed 2432K, reserved 1048576K
Event: 3.507 GC heap after
Heap after GC invocations=17 (full 0):
 PSYoungGen      total 328704K, used 768K [0x00000000eb700000, 0x00000000fff00000, 0x0000000100000000)
  eden space 327680K, 0% used [0x00000000eb700000,0x00000000eb700000,0x00000000ff700000)
  from space 1024K, 75% used [0x00000000ff700000,0x00000000ff7c0000,0x00000000ff800000)
  to   space 4096K, 0% used [0x00000000ffb00000,0x00000000ffb00000,0x00000000fff00000)
 ParOldGen       total 42496K, used 8643K [0x00000000c2400000, 0x00000000c4d80000, 0x00000000eb700000)
  object space 42496K, 20% used [0x00000000c2400000,0x00000000c2c70cb0,0x00000000c4d80000)
 Metaspace       used 15410K, capacity 16097K, committed 16256K, reserved 1062912K
  class space    used 2142K, capacity 2341K, committed 2432K, reserved 1048576K
}
Event: 3.712 GC heap before
{Heap before GC invocations=18 (full 0):
 PSYoungGen      total 328704K, used 328448K [0x00000000eb700000, 0x00000000fff00000, 0x0000000100000000)
  eden space 327680K, 100% used [0x00000000eb700000,0x00000000ff700000,0x00000000ff700000)
  from space 1024K, 75% used [0x00000000ff700000,0x00000000ff7c0000,0x00000000ff800000)
  to   space 4096K, 0% used [0x00000000ffb00000,0x00000000ffb00000,0x00000000fff00000)
 ParOldGen       total 42496K, used 8643K [0x00000000c2400000, 0x00000000c4d80000, 0x00000000eb700000)
  object space 42496K, 20% used [0x00000000c2400000,0x00000000c2c70cb0,0x00000000c4d80000)
 Metaspace       used 15410K, capacity 16097K, committed 16256K, reserved 1062912K
  class space    used 2142K, capacity 2341K, committed 2432K, reserved 1048576K
Event: 3.713 GC heap after
Heap after GC invocations=18 (full 0):
 PSYoungGen      total 313344K, used 804K [0x00000000eb700000, 0x00000000ffc00000, 0x0000000100000000)
  eden space 312320K, 0% used [0x00000000eb700000,0x00000000eb700000,0x00000000fe800000)
  from space 1024K, 78% used [0x00000000ffb00000,0x00000000ffbc9278,0x00000000ffc00000)
  to   space 4096K, 0% used [0x00000000ff400000,0x00000000ff400000,0x00000000ff800000)
 ParOldGen       total 42496K, used 9270K [0x00000000c2400000, 0x00000000c4d80000, 0x00000000eb700000)
  object space 42496K, 21% used [0x00000000c2400000,0x00000000c2d0d9c8,0x00000000c4d80000)
 Metaspace       used 15410K, capacity 16097K, committed 16256K, reserved 1062912K
  class space    used 2142K, capacity 2341K, committed 2432K, reserved 1048576K
}
Event: 3.989 GC heap before
{Heap before GC invocations=19 (full 0):
 PSYoungGen      total 313344K, used 313124K [0x00000000eb700000, 0x00000000ffc00000, 0x0000000100000000)
  eden space 312320K, 100% used [0x00000000eb700000,0x00000000fe800000,0x00000000fe800000)
  from space 1024K, 78% used [0x00000000ffb00000,0x00000000ffbc9278,0x00000000ffc00000)
  to   space 4096K, 0% used [0x00000000ff400000,0x00000000ff400000,0x00000000ff800000)
 ParOldGen       total 42496K, used 9270K [0x00000000c2400000, 0x00000000c4d80000, 0x00000000eb700000)
  object space 42496K, 21% used [0x00000000c2400000,0x00000000c2d0d9c8,0x00000000c4d80000)
 Metaspace       used 15410K, capacity 16097K, committed 16256K, reserved 1062912K
  class space    used 2142K, capacity 2341K, committed 2432K, reserved 1048576K
Event: 3.990 GC heap after
Heap after GC invocations=19 (full 0):
 PSYoungGen      total 297984K, used 96K [0x00000000eb700000, 0x00000000ffb80000, 0x0000000100000000)
  eden space 297472K, 0% used [0x00000000eb700000,0x00000000eb700000,0x00000000fd980000)
  from space 512K, 18% used [0x00000000ff400000,0x00000000ff418000,0x00000000ff480000)
  to   space 4096K, 0% used [0x00000000ff780000,0x00000000ff780000,0x00000000ffb80000)
 ParOldGen       total 42496K, used 10035K [0x00000000c2400000, 0x00000000c4d80000, 0x00000000eb700000)
  object space 42496K, 23% used [0x00000000c2400000,0x00000000c2dccc60,0x00000000c4d80000)
 Metaspace       used 15410K, capacity 16097K, committed 16256K, reserved 1062912K
  class space    used 2142K, capacity 2341K, committed 2432K, reserved 1048576K
}

